[debug] [2024-01-11T12:18:42.297Z] ----------------------------------------------------------------------
[debug] [2024-01-11T12:18:42.299Z] Command:       C:\Program Files\nodejs\node.exe C:\Users\User\AppData\Roaming\npm\node_modules\firebase-tools\lib\bin\firebase.js deploy --only functions
[debug] [2024-01-11T12:18:42.300Z] CLI Version:   12.4.0
[debug] [2024-01-11T12:18:42.300Z] Platform:      win32
[debug] [2024-01-11T12:18:42.300Z] Node Version:  v18.16.0
[debug] [2024-01-11T12:18:42.301Z] Time:          Thu Jan 11 2024 12:18:42 GMT+0000 (Coordinated Universal Time)
[debug] [2024-01-11T12:18:42.302Z] ----------------------------------------------------------------------
[debug] 
[debug] [2024-01-11T12:18:42.390Z] > command requires scopes: ["email","openid","https://www.googleapis.com/auth/cloudplatformprojects.readonly","https://www.googleapis.com/auth/firebase","https://www.googleapis.com/auth/cloud-platform"]
[debug] [2024-01-11T12:18:42.391Z] > authorizing via signed-in user (weaponz326@gmail.com)
[debug] [2024-01-11T12:18:42.391Z] [iam] checking project murgerhanhub for permissions ["cloudfunctions.functions.create","cloudfunctions.functions.delete","cloudfunctions.functions.get","cloudfunctions.functions.list","cloudfunctions.functions.update","cloudfunctions.operations.get","firebase.projects.get"]
[debug] [2024-01-11T12:18:42.393Z] >>> [apiv2][query] POST https://cloudresourcemanager.googleapis.com/v1/projects/murgerhanhub:testIamPermissions [none]
[debug] [2024-01-11T12:18:42.394Z] >>> [apiv2][(partial)header] POST https://cloudresourcemanager.googleapis.com/v1/projects/murgerhanhub:testIamPermissions x-goog-quota-user=projects/murgerhanhub
[debug] [2024-01-11T12:18:42.394Z] >>> [apiv2][body] POST https://cloudresourcemanager.googleapis.com/v1/projects/murgerhanhub:testIamPermissions {"permissions":["cloudfunctions.functions.create","cloudfunctions.functions.delete","cloudfunctions.functions.get","cloudfunctions.functions.list","cloudfunctions.functions.update","cloudfunctions.operations.get","firebase.projects.get"]}
[debug] [2024-01-11T12:18:44.067Z] <<< [apiv2][status] POST https://cloudresourcemanager.googleapis.com/v1/projects/murgerhanhub:testIamPermissions 200
[debug] [2024-01-11T12:18:44.067Z] <<< [apiv2][body] POST https://cloudresourcemanager.googleapis.com/v1/projects/murgerhanhub:testIamPermissions {"permissions":["cloudfunctions.functions.create","cloudfunctions.functions.delete","cloudfunctions.functions.get","cloudfunctions.functions.list","cloudfunctions.functions.update","cloudfunctions.operations.get","firebase.projects.get"]}
[debug] [2024-01-11T12:18:44.068Z] >>> [apiv2][query] POST https://iam.googleapis.com/v1/projects/murgerhanhub/serviceAccounts/murgerhanhub@appspot.gserviceaccount.com:testIamPermissions [none]
[debug] [2024-01-11T12:18:44.069Z] >>> [apiv2][body] POST https://iam.googleapis.com/v1/projects/murgerhanhub/serviceAccounts/murgerhanhub@appspot.gserviceaccount.com:testIamPermissions {"permissions":["iam.serviceAccounts.actAs"]}
[debug] [2024-01-11T12:18:45.482Z] <<< [apiv2][status] POST https://iam.googleapis.com/v1/projects/murgerhanhub/serviceAccounts/murgerhanhub@appspot.gserviceaccount.com:testIamPermissions 200
[debug] [2024-01-11T12:18:45.482Z] <<< [apiv2][body] POST https://iam.googleapis.com/v1/projects/murgerhanhub/serviceAccounts/murgerhanhub@appspot.gserviceaccount.com:testIamPermissions {"permissions":["iam.serviceAccounts.actAs"]}
[info] 
[info] === Deploying to 'murgerhanhub'...
[info] 
[info] i  deploying functions 
[info] Running command: npm --prefix "$RESOURCE_DIR" run lint
[debug] [2024-01-11T12:18:59.052Z] Error: Timed out.
    at Timeout._onTimeout (C:\Users\User\AppData\Roaming\npm\node_modules\firebase-tools\lib\utils.js:253:49)
    at listOnTimeout (node:internal/timers:569:17)
    at process.processTimers (node:internal/timers:512:7)
[error] 
[error] Error: An unexpected error has occurred.
